<?xml version="1.0" encoding="UTF-8"?>
<testsuite xmlns:xsi="http://www.w3.org/2001/XMLSchema-instance" xsi:noNamespaceSchemaLocation="https://maven.apache.org/surefire/maven-surefire-plugin/xsd/surefire-test-report-3.0.xsd" version="3.0" name="fr.uga.miage.m1.g2_4.polygons.metier.ShapeJsonReaderTest" time="0.128" tests="3" errors="0" skipped="0" failures="0">
  <properties>
[...]
</properties>
  <testcase name="uploadShapesFromFile_shouldReadJsonFileAndCreateShapes_test_sucess(Path)" classname="fr.uga.miage.m1.g2_4.polygons.metier.ShapeJsonReaderTest" time="0.094"/>
  <testcase name="uploadShapesFromFile_shouldThrowIllegalArgumentExceptionIfSourceFileIsNull(Path)" classname="fr.uga.miage.m1.g2_4.polygons.metier.ShapeJsonReaderTest" time="0.018"/>
  <testcase name="uploadShapesFromFile_shouldThrowIllegalArgumentExceptionIfSourceFileExtensionIsIncorrect(Path)" classname="fr.uga.miage.m1.g2_4.polygons.metier.ShapeJsonReaderTest" time="0"/>
</testsuite>