<?xml version="1.0" encoding="UTF-8"?>
<testsuite xmlns:xsi="http://www.w3.org/2001/XMLSchema-instance" xsi:noNamespaceSchemaLocation="https://maven.apache.org/surefire/maven-surefire-plugin/xsd/surefire-test-report-3.0.xsd" version="3.0" name="JDrawingPanelTest" time="0.21" tests="12" errors="0" skipped="0" failures="0">
  <properties>
[...]
</properties>
  <testcase name="isCursorOnAShape_shouldReturnTrueWhenCursorIsOnAShape" classname="JDrawingPanelTest" time="0.129"/>
  <testcase name="getSelectedShape_shouldReturnSelectedShapeWhenOneIsSelected" classname="JDrawingPanelTest" time="0.003"/>
  <testcase name="selectShape_shouldNotSelectShapeWhenCoordinatesAreNotInShapeBounds" classname="JDrawingPanelTest" time="0.035"/>
  <testcase name="isCursorOnAShape_shouldReturnFalseWhenCursorIsNotOnAShape" classname="JDrawingPanelTest" time="0.003"/>
  <testcase name="addShape_shouldAddShapeToPanel" classname="JDrawingPanelTest" time="0.002"/>
  <testcase name="cursorOnJDrawingPanel_shouldReturnFalseWhenCursorIsNotInsidePanel" classname="JDrawingPanelTest" time="0.001">
    <system-err><![CDATA[Exception in thread "AWT-EventQueue-0" ]]></system-err>
  </testcase>
  <testcase name="cursorOnJDrawingPanel_shouldReturnTrueWhenCursorIsInsidePanel" classname="JDrawingPanelTest" time="0.001">
    <system-err><![CDATA[java.lang.NullPointerException: Cannot invoke "java.awt.Graphics.setColor(java.awt.Color)" because "componentGraphics" is null
	at java.desktop/javax.swing.JComponent.getComponentGraphics(JComponent.java:813)
	at java.desktop/javax.swing.JComponent.paint(JComponent.java:1073)
	at edu.uga.miage.m1.polygons.gui.JDrawingPanel.paintComponents(JDrawingPanel.java:108)
	at edu.uga.miage.m1.polygons.gui.JDrawingPanel.refreshPanel(JDrawingPanel.java:127)
	at edu.uga.miage.m1.polygons.gui.JDrawingPanel$1.componentResized(JDrawingPanel.java:24)
	at java.desktop/java.awt.Component.processComponentEvent(Component.java:6446)
	at java.desktop/java.awt.Component.processEvent(Component.java:6400)
	at java.desktop/java.awt.Container.processEvent(Container.java:2266)
	at java.desktop/java.awt.Component.dispatchEventImpl(Component.java:4995)
	at java.desktop/java.awt.Container.dispatchEventImpl(Container.java:2324)
	at java.desktop/java.awt.Component.dispatchEvent(Component.java:4827)
	at java.desktop/java.awt.EventQueue.dispatchEventImpl(EventQueue.java:775)
	at java.desktop/java.awt.EventQueue$4.run(EventQueue.java:720)
	at java.desktop/java.awt.EventQueue$4.run(EventQueue.java:714)
	at java.base/java.security.AccessController.doPrivileged(AccessController.java:400)
	at java.base/java.security.ProtectionDomain$JavaSecurityAccessImpl.doIntersectionPrivilege(ProtectionDomain.java:87)
	at java.base/java.security.ProtectionDomain$JavaSecurityAccessImpl.doIntersectionPrivilege(ProtectionDomain.java:98)
	at java.desktop/java.awt.EventQueue$5.run(EventQueue.java:747)
	at java.desktop/java.awt.EventQueue$5.run(EventQueue.java:745)
	at java.base/java.security.AccessController.doPrivileged(AccessController.java:400)
	at java.base/java.security.ProtectionDomain$JavaSecurityAccessImpl.doIntersectionPrivilege(ProtectionDomain.java:87)
	at java.desktop/java.awt.EventQueue.dispatchEvent(EventQueue.java:744)
	at java.desktop/java.awt.EventDispatchThread.pumpOneEventForFilters(EventDispatchThread.java:203)
	at java.desktop/java.awt.EventDispatchThread.pumpEventsForFilter(EventDispatchThread.java:124)
	at java.desktop/java.awt.EventDispatchThread.pumpEventsForHierarchy(EventDispatchThread.java:113)
	at java.desktop/java.awt.EventDispatchThread.pumpEvents(EventDispatchThread.java:109)
	at java.desktop/java.awt.EventDispatchThread.pumpEvents(EventDispatchThread.java:101)
	at java.desktop/java.awt.EventDispatchThread.run(EventDispatchThread.java:90)
Exception in thread "AWT-EventQueue-0" ]]></system-err>
  </testcase>
  <testcase name="getSelectedShape_shouldReturnNullWhenNoShapesOnPanel" classname="JDrawingPanelTest" time="0.002">
    <system-err><![CDATA[java.lang.NullPointerException: Cannot invoke "java.awt.Graphics.setColor(java.awt.Color)" because "componentGraphics" is null
	at java.desktop/javax.swing.JComponent.getComponentGraphics(JComponent.java:813)
	at java.desktop/javax.swing.JComponent.paint(JComponent.java:1073)
	at edu.uga.miage.m1.polygons.gui.JDrawingPanel.paintComponents(JDrawingPanel.java:108)
	at edu.uga.miage.m1.polygons.gui.JDrawingPanel.refreshPanel(JDrawingPanel.java:127)
	at edu.uga.miage.m1.polygons.gui.JDrawingPanel$1.componentResized(JDrawingPanel.java:24)
	at java.desktop/java.awt.Component.processComponentEvent(Component.java:6446)
	at java.desktop/java.awt.Component.processEvent(Component.java:6400)
	at java.desktop/java.awt.Container.processEvent(Container.java:2266)
	at java.desktop/java.awt.Component.dispatchEventImpl(Component.java:4995)
	at java.desktop/java.awt.Container.dispatchEventImpl(Container.java:2324)
	at java.desktop/java.awt.Component.dispatchEvent(Component.java:4827)
	at java.desktop/java.awt.EventQueue.dispatchEventImpl(EventQueue.java:775)
	at java.desktop/java.awt.EventQueue$4.run(EventQueue.java:720)
	at java.desktop/java.awt.EventQueue$4.run(EventQueue.java:714)
	at java.base/java.security.AccessController.doPrivileged(AccessController.java:400)
	at java.base/java.security.ProtectionDomain$JavaSecurityAccessImpl.doIntersectionPrivilege(ProtectionDomain.java:87)
	at java.base/java.security.ProtectionDomain$JavaSecurityAccessImpl.doIntersectionPrivilege(ProtectionDomain.java:98)
	at java.desktop/java.awt.EventQueue$5.run(EventQueue.java:747)
	at java.desktop/java.awt.EventQueue$5.run(EventQueue.java:745)
	at java.base/java.security.AccessController.doPrivileged(AccessController.java:400)
	at java.base/java.security.ProtectionDomain$JavaSecurityAccessImpl.doIntersectionPrivilege(ProtectionDomain.java:87)
	at java.desktop/java.awt.EventQueue.dispatchEvent(EventQueue.java:744)
	at java.desktop/java.awt.EventDispatchThread.pumpOneEventForFilters(EventDispatchThread.java:203)
	at java.desktop/java.awt.EventDispatchThread.pumpEventsForFilter(EventDispatchThread.java:124)
	at java.desktop/java.awt.EventDispatchThread.pumpEventsForHierarchy(EventDispatchThread.java:113)
	at java.desktop/java.awt.EventDispatchThread.pumpEvents(EventDispatchThread.java:109)
	at java.desktop/java.awt.EventDispatchThread.pumpEvents(EventDispatchThread.java:101)
	at java.desktop/java.awt.EventDispatchThread.run(EventDispatchThread.java:90)
]]></system-err>
  </testcase>
  <testcase name="selectShape_shouldSelectShapeWhenCoordinatesAreInShapeBounds" classname="JDrawingPanelTest" time="0.029"/>
  <testcase name="getSelectedShape_shouldReturnNullWhenNoShapeIsSelected" classname="JDrawingPanelTest" time="0.001"/>
  <testcase name="unSelectShape_shouldSetSelectedToFalseForAllShapes" classname="JDrawingPanelTest" time="0.002"/>
  <testcase name="addShape_shouldNotAddNullShapeToPanel" classname="JDrawingPanelTest" time="0"/>
</testsuite>