GROUP,PACKAGE,CLASS,INSTRUCTION_MISSED,INSTRUCTION_COVERED,BRANCH_MISSED,BRANCH_COVERED,LINE_MISSED,LINE_COVERED,COMPLEXITY_MISSED,COMPLEXITY_COVERED,METHOD_MISSED,METHOD_COVERED
Persistence_g2_4,edu.uga.miage.m1.polygons.gui,GUIHelper.new WindowAdapter() {...},6,0,0,0,3,0,2,0,2,0
Persistence_g2_4,edu.uga.miage.m1.polygons.gui,DrawTool,21,75,4,2,6,19,6,4,3,4
Persistence_g2_4,edu.uga.miage.m1.polygons.gui,JDrawingFrame.ExportToJsonActionListener,34,8,0,0,6,3,2,1,2,1
Persistence_g2_4,edu.uga.miage.m1.polygons.gui,JDrawingPanel,7,223,6,14,5,56,7,17,1,13
Persistence_g2_4,edu.uga.miage.m1.polygons.gui,JDrawingFrame.ShapeActionListener,0,47,0,4,0,12,0,4,0,2
Persistence_g2_4,edu.uga.miage.m1.polygons.gui,JDrawingFrame.ExportActionListener,114,9,8,0,24,3,6,1,2,1
Persistence_g2_4,edu.uga.miage.m1.polygons.gui,JDrawingFrame,0,484,3,9,0,96,3,15,0,12
Persistence_g2_4,edu.uga.miage.m1.polygons.gui,JDrawingFrame.ExportToXmlActionListener,33,8,0,0,7,3,2,1,2,1
Persistence_g2_4,edu.uga.miage.m1.polygons.gui,JDrawingFrame.ImportFromJsonActionListener,117,8,8,0,26,3,7,1,2,1
Persistence_g2_4,edu.uga.miage.m1.polygons.gui,JDrawingFrame.new KeyAdapter() {...},0,29,2,6,0,6,2,4,0,2
Persistence_g2_4,edu.uga.miage.m1.polygons.gui,JDrawingFrame.new FocusAdapter() {...},0,11,0,0,0,3,0,2,0,2
Persistence_g2_4,edu.uga.miage.m1.polygons.gui,App,6,0,0,0,3,0,2,0,2,0
Persistence_g2_4,edu.uga.miage.m1.polygons.gui,JDrawingFrame.ImportFromXmlActionListener,149,8,12,0,41,3,9,1,2,1
Persistence_g2_4,edu.uga.miage.m1.polygons.gui,JDrawingFrame.ImportActionListener,79,9,4,0,16,3,5,1,3,1
Persistence_g2_4,edu.uga.miage.m1.polygons.gui,GUIHelper,21,0,0,0,7,0,2,0,2,0
Persistence_g2_4,edu.uga.miage.m1.polygons.gui.persistence,JSonVisitor,0,77,0,0,0,15,0,6,0,6
Persistence_g2_4,edu.uga.miage.m1.polygons.gui.persistence,XMLVisitor,0,54,0,0,0,12,0,7,0,7
Persistence_g2_4,edu.uga.miage.m1.polygons.gui.command,AddShapeCommand,0,33,0,0,0,12,0,4,0,4
Persistence_g2_4,edu.uga.miage.m1.polygons.gui.command,MoveShapeCommand,0,51,0,0,0,15,0,5,0,5
Persistence_g2_4,edu.uga.miage.m1.polygons.gui.shapes,ShapeType,0,27,0,0,0,2,0,1,0,1
Persistence_g2_4,edu.uga.miage.m1.polygons.gui.shapes,Triangle,0,227,2,12,0,35,2,16,0,11
Persistence_g2_4,edu.uga.miage.m1.polygons.gui.shapes,Square,0,164,2,10,0,28,2,15,0,11
Persistence_g2_4,edu.uga.miage.m1.polygons.gui.shapes,Cube,0,112,3,11,0,23,3,15,0,11
Persistence_g2_4,edu.uga.miage.m1.polygons.gui.shapes,Circle,0,164,2,10,0,28,2,15,0,11
Persistence_g2_4,edu.uga.miage.m1.polygons.gui.shapes,ShapeFactory,0,37,0,6,0,8,0,6,0,2
