GROUP,PACKAGE,CLASS,INSTRUCTION_MISSED,INSTRUCTION_COVERED,BRANCH_MISSED,BRANCH_COVERED,LINE_MISSED,LINE_COVERED,COMPLEXITY_MISSED,COMPLEXITY_COVERED,METHOD_MISSED,METHOD_COVERED
Persistence_g2_4,edu.uga.miage.m1.polygons.gui,JDrawingFrame,0,500,3,9,0,100,3,15,0,12
Persistence_g2_4,edu.uga.miage.m1.polygons.gui,JDrawingFrame.ExportToXmlActionListener,16,8,0,0,5,3,1,1,1,1
Persistence_g2_4,edu.uga.miage.m1.polygons.gui,JDrawingFrame.ImportFromJsonActionListener,6,8,0,0,1,3,1,1,1,1
Persistence_g2_4,edu.uga.miage.m1.polygons.gui,JDrawingFrame.new KeyAdapter() {...},0,29,2,6,0,6,2,4,0,2
Persistence_g2_4,edu.uga.miage.m1.polygons.gui,GUIHelper.new WindowAdapter() {...},6,0,0,0,3,0,2,0,2,0
Persistence_g2_4,edu.uga.miage.m1.polygons.gui,JDrawingFrame.new FocusAdapter() {...},0,11,0,0,0,3,0,2,0,2
Persistence_g2_4,edu.uga.miage.m1.polygons.gui,JDrawingPanel.new ComponentAdapter() {...},0,10,0,0,0,3,0,2,0,2
Persistence_g2_4,edu.uga.miage.m1.polygons.gui,App,6,0,0,0,3,0,2,0,2,0
Persistence_g2_4,edu.uga.miage.m1.polygons.gui,DrawTool,0,98,0,8,0,26,0,11,0,7
Persistence_g2_4,edu.uga.miage.m1.polygons.gui,JDrawingFrame.ExportToJsonActionListener,16,8,0,0,5,3,1,1,1,1
Persistence_g2_4,edu.uga.miage.m1.polygons.gui,JDrawingPanel,7,229,3,19,3,56,5,22,2,14
Persistence_g2_4,edu.uga.miage.m1.polygons.gui,JDrawingFrame.ShapeActionListener,0,47,0,4,0,12,0,4,0,2
Persistence_g2_4,edu.uga.miage.m1.polygons.gui,JDrawingFrame.ImportFromXmlActionListener,6,8,0,0,1,3,1,1,1,1
Persistence_g2_4,edu.uga.miage.m1.polygons.gui,JDrawingFrame.ImportActionListener,137,9,8,0,31,3,7,1,3,1
Persistence_g2_4,edu.uga.miage.m1.polygons.gui,GUIHelper,18,0,0,0,6,0,1,0,1,0
Persistence_g2_4,edu.uga.miage.m1.polygons.gui,JDrawingFrame.ExportActionListener,112,9,8,0,25,3,5,1,1,1
Persistence_g2_4,edu.uga.miage.m1.polygons.gui.command,MoveShapeCommand,0,51,0,0,0,15,0,5,0,5
Persistence_g2_4,edu.uga.miage.m1.polygons.gui.command,AddShapeCommand,0,23,0,0,0,10,0,4,0,4
